mode: set
yogeshgadakh/grpc-demo/server/server.go:21.26,27.2 1 1
yogeshgadakh/grpc-demo/server/server.go:29.109,55.2 11 1
yogeshgadakh/grpc-demo/server/server.go:57.105,62.37 4 1
yogeshgadakh/grpc-demo/server/server.go:62.37,63.43 1 1
yogeshgadakh/grpc-demo/server/server.go:63.43,66.4 2 1
yogeshgadakh/grpc-demo/server/server.go:68.2,69.45 2 0
yogeshgadakh/grpc-demo/server/server.go:72.124,78.13 5 1
yogeshgadakh/grpc-demo/server/server.go:78.13,80.3 1 0
yogeshgadakh/grpc-demo/server/server.go:81.2,82.54 2 1
yogeshgadakh/grpc-demo/server/server.go:85.109,91.13 5 1
yogeshgadakh/grpc-demo/server/server.go:91.13,93.3 1 0
yogeshgadakh/grpc-demo/server/server.go:95.2,96.36 2 1
yogeshgadakh/grpc-demo/server/server.go:96.36,97.32 1 1
yogeshgadakh/grpc-demo/server/server.go:97.32,99.9 2 1
yogeshgadakh/grpc-demo/server/server.go:103.2,106.51 4 1
yogeshgadakh/grpc-demo/server/server.go:109.109,115.13 5 1
yogeshgadakh/grpc-demo/server/server.go:115.13,117.3 1 1
yogeshgadakh/grpc-demo/server/server.go:120.2,124.36 4 0
yogeshgadakh/grpc-demo/server/server.go:124.36,125.35 1 0
yogeshgadakh/grpc-demo/server/server.go:125.35,127.9 2 0
yogeshgadakh/grpc-demo/server/server.go:130.2,131.51 2 0
yogeshgadakh/grpc-demo/server/server.go:134.13,137.16 3 0
yogeshgadakh/grpc-demo/server/server.go:137.16,140.3 2 0
yogeshgadakh/grpc-demo/server/server.go:141.2,144.37 4 0
yogeshgadakh/grpc-demo/server/server.go:144.37,146.3 1 0
